[0.018s] Invoking command in '/home/pizza/ros2_projects/rrbot_pico2_ros2_control/ros2_ws/build/ros2_control_demo_example_1': CMAKE_PREFIX_PATH=${CMAKE_PREFIX_PATH}:/opt/ros/jazzy DEBUGINFOD_URLS=https://debuginfod.ubuntu.com /usr/bin/cmake /home/pizza/ros2_projects/rrbot_pico2_ros2_control/ros2_ws/src/rrbot_ros2_system -DCMAKE_INSTALL_PREFIX=/home/pizza/ros2_projects/rrbot_pico2_ros2_control/ros2_ws/install/ros2_control_demo_example_1
[0.174s] -- The CXX compiler identification is GNU 13.3.0
[0.215s] -- Detecting CXX compiler ABI info
[0.456s] -- Detecting CXX compiler ABI info - done
[0.472s] -- Check for working CXX compiler: /usr/bin/c++ - skipped
[0.473s] -- Detecting CXX compile features
[0.473s] -- Detecting CXX compile features - done
[0.492s] [31mCMake Error at CMakeLists.txt:4 (find_package):
[0.493s]   By not providing "Findros2_control_cmake.cmake" in CMAKE_MODULE_PATH this
[0.493s]   project has asked CMake to find a package configuration file provided by
[0.494s]   "ros2_control_cmake", but CMake did not find one.
[0.494s] 
[0.495s]   Could not find a package configuration file provided by
[0.495s]   "ros2_control_cmake" with any of the following names:
[0.495s] 
[0.496s]     ros2_control_cmakeConfig.cmake
[0.496s]     ros2_control_cmake-config.cmake
[0.497s] 
[0.498s]   Add the installation prefix of "ros2_control_cmake" to CMAKE_PREFIX_PATH or
[0.499s]   set "ros2_control_cmake_DIR" to a directory containing one of the above
[0.499s]   files.  If "ros2_control_cmake" provides a separate development package or
[0.500s]   SDK, be sure it has been installed.
[0.502s] 
[0.502s] [0m
[0.503s] -- Configuring incomplete, errors occurred!
[0.504s] Invoked command in '/home/pizza/ros2_projects/rrbot_pico2_ros2_control/ros2_ws/build/ros2_control_demo_example_1' returned '1': CMAKE_PREFIX_PATH=${CMAKE_PREFIX_PATH}:/opt/ros/jazzy DEBUGINFOD_URLS=https://debuginfod.ubuntu.com /usr/bin/cmake /home/pizza/ros2_projects/rrbot_pico2_ros2_control/ros2_ws/src/rrbot_ros2_system -DCMAKE_INSTALL_PREFIX=/home/pizza/ros2_projects/rrbot_pico2_ros2_control/ros2_ws/install/ros2_control_demo_example_1
