-- The CXX compiler identification is GNU 13.3.0
-- Detecting CXX compiler ABI info
-- Detecting CXX compiler ABI info - done
-- Check for working CXX compiler: /usr/bin/c++ - skipped
-- Detecting CXX compile features
-- Detecting CXX compile features - done
[31mCMake Error at CMakeLists.txt:4 (find_package):
  By not providing "Findros2_control_cmake.cmake" in CMAKE_MODULE_PATH this
  project has asked CMake to find a package configuration file provided by
  "ros2_control_cmake", but CMake did not find one.

  Could not find a package configuration file provided by
  "ros2_control_cmake" with any of the following names:

    ros2_control_cmakeConfig.cmake
    ros2_control_cmake-config.cmake

  Add the installation prefix of "ros2_control_cmake" to CMAKE_PREFIX_PATH or
  set "ros2_control_cmake_DIR" to a directory containing one of the above
  files.  If "ros2_control_cmake" provides a separate development package or
  SDK, be sure it has been installed.

[0m
-- Configuring incomplete, errors occurred!
